Compilación iniciada a las 16/04/2016 2:16:07 p. m..
     1>Proyecto "C:\Users\usuario\Desktop\universidad\Datos\fireemblem - copia\fireemblem\fireemblem.vcxproj" en el nodo 2 (Build destinos).
       El archivo del proyecto contiene ToolsVersion="12.0". Este conjunto de herramientas falta o es desconocido, en cuyo caso es posible que pueda resolver este problema instalando la versión apropiada de MSBuild. También es posible que, por motivos de directiva, se haya exigido a la compilación que use un valor determinado para ToolsVersion. Se tratará el proyecto como si contuviera ToolsVersion="4.0". Para obtener más información, vea http://go.microsoft.com/fwlink/?LinkId=291333.
     1>ClCompile:
         C:\Program Files (x86)\Microsoft Visual Studio 11.0\VC\bin\CL.exe /c /AI"C:\Program Files (x86)\Reference Assemblies\Microsoft\Framework\.NETFramework\v4.5\\" /AI"C:\Program Files (x86)\Windows Kits\8.0\References\CommonConfiguration\Neutral" /AI"C:\Program Files (x86)\Reference Assemblies\Microsoft\Framework\.NETFramework\v4.5\Facades\\" /Zi /clr /nologo /W3 /WX- /Od /Oy- /D WIN32 /D _DEBUG /D _UNICODE /D UNICODE /EHa /MDd /GS /fp:precise /Zc:wchar_t /Zc:forScope /Fo"Debug\\" /Fd"Debug\vc110.pdb" /TP /FU"C:\Program Files (x86)\Reference Assemblies\Microsoft\Framework\.NETFramework\v4.5\mscorlib.dll" /FU"C:\Program Files (x86)\Reference Assemblies\Microsoft\Framework\.NETFramework\v4.5\System.Data.dll" /FU"C:\Program Files (x86)\Reference Assemblies\Microsoft\Framework\.NETFramework\v4.5\System.DirectoryServices.dll" /FU"C:\Program Files (x86)\Reference Assemblies\Microsoft\Framework\.NETFramework\v4.5\System.dll" /FU"C:\Program Files (x86)\Reference Assemblies\Microsoft\Framework\.NETFramework\v4.5\System.Drawing.dll" /FU"C:\Program Files (x86)\Reference Assemblies\Microsoft\Framework\.NETFramework\v4.5\System.Windows.Forms.dll" /FU"C:\Program Files (x86)\Reference Assemblies\Microsoft\Framework\.NETFramework\v4.5\System.Xml.dll" /analyze- /errorReport:prompt /clr:nostdlib finalgame.cpp gameplay.cpp inisesion.cpp menu.cpp menureg.cpp registro.cpp uni.cpp
         finalgame.cpp
         gameplay.cpp
     1>c:\users\usuario\desktop\universidad\datos\fireemblem - copia\fireemblem\gameplay.h(208): error C3845: 'fireemblem::gameplay::bonificaciones::arbol': solamente se pueden inicializar miembros de datos estáticos dentro de clase ref o de un tipo de valor
     1>c:\users\usuario\desktop\universidad\datos\fireemblem - copia\fireemblem\gameplay.h(208): error C3845: 'fireemblem::gameplay::bonificaciones::arbusto': solamente se pueden inicializar miembros de datos estáticos dentro de clase ref o de un tipo de valor
     1>c:\users\usuario\desktop\universidad\datos\fireemblem - copia\fireemblem\gameplay.h(208): error C3845: 'fireemblem::gameplay::bonificaciones::castillo': solamente se pueden inicializar miembros de datos estáticos dentro de clase ref o de un tipo de valor
     1>c:\users\usuario\desktop\universidad\datos\fireemblem - copia\fireemblem\gameplay.h(208): error C3845: 'fireemblem::gameplay::bonificaciones::rio': solamente se pueden inicializar miembros de datos estáticos dentro de clase ref o de un tipo de valor
     1>c:\users\usuario\desktop\universidad\datos\fireemblem - copia\fireemblem\gameplay.h(240): warning C4677: 'PTR': la firma de un miembro no privado contiene un tipo privado de ensamblado de 'fireemblem::gameplay::Nodocolumna'
                 c:\users\usuario\desktop\universidad\datos\fireemblem - copia\fireemblem\gameplay.h(201) : vea la declaración de 'fireemblem::gameplay::Nodocolumna'
     1>c:\users\usuario\desktop\universidad\datos\fireemblem - copia\fireemblem\gameplay.h(240): error C3845: 'fireemblem::gameplay::PTR': solamente se pueden inicializar miembros de datos estáticos dentro de clase ref o de un tipo de valor
     1>c:\users\usuario\desktop\universidad\datos\fireemblem - copia\fireemblem\gameplay.h(241): warning C4677: 'jinete1': la firma de un miembro no privado contiene un tipo privado de ensamblado de 'fireemblem::gameplay::Personaje'
                 c:\users\usuario\desktop\universidad\datos\fireemblem - copia\fireemblem\gameplay.h(211) : vea la declaración de 'fireemblem::gameplay::Personaje'
     1>c:\users\usuario\desktop\universidad\datos\fireemblem - copia\fireemblem\gameplay.h(241): error C3845: 'fireemblem::gameplay::jinete1': solamente se pueden inicializar miembros de datos estáticos dentro de clase ref o de un tipo de valor
     1>c:\users\usuario\desktop\universidad\datos\fireemblem - copia\fireemblem\gameplay.h(242): warning C4677: 'caballero1': la firma de un miembro no privado contiene un tipo privado de ensamblado de 'fireemblem::gameplay::Personaje'
                 c:\users\usuario\desktop\universidad\datos\fireemblem - copia\fireemblem\gameplay.h(211) : vea la declaración de 'fireemblem::gameplay::Personaje'
     1>c:\users\usuario\desktop\universidad\datos\fireemblem - copia\fireemblem\gameplay.h(242): error C3845: 'fireemblem::gameplay::caballero1': solamente se pueden inicializar miembros de datos estáticos dentro de clase ref o de un tipo de valor
     1>c:\users\usuario\desktop\universidad\datos\fireemblem - copia\fireemblem\gameplay.h(243): warning C4677: 'luchador1': la firma de un miembro no privado contiene un tipo privado de ensamblado de 'fireemblem::gameplay::Personaje'
                 c:\users\usuario\desktop\universidad\datos\fireemblem - copia\fireemblem\gameplay.h(211) : vea la declaración de 'fireemblem::gameplay::Personaje'
     1>c:\users\usuario\desktop\universidad\datos\fireemblem - copia\fireemblem\gameplay.h(243): error C3845: 'fireemblem::gameplay::luchador1': solamente se pueden inicializar miembros de datos estáticos dentro de clase ref o de un tipo de valor
     1>c:\users\usuario\desktop\universidad\datos\fireemblem - copia\fireemblem\gameplay.h(244): warning C4677: 'mercenario1': la firma de un miembro no privado contiene un tipo privado de ensamblado de 'fireemblem::gameplay::Personaje'
                 c:\users\usuario\desktop\universidad\datos\fireemblem - copia\fireemblem\gameplay.h(211) : vea la declaración de 'fireemblem::gameplay::Personaje'
     1>c:\users\usuario\desktop\universidad\datos\fireemblem - copia\fireemblem\gameplay.h(244): error C3845: 'fireemblem::gameplay::mercenario1': solamente se pueden inicializar miembros de datos estáticos dentro de clase ref o de un tipo de valor
     1>c:\users\usuario\desktop\universidad\datos\fireemblem - copia\fireemblem\gameplay.h(245): warning C4677: 'myrmidon1': la firma de un miembro no privado contiene un tipo privado de ensamblado de 'fireemblem::gameplay::Personaje'
                 c:\users\usuario\desktop\universidad\datos\fireemblem - copia\fireemblem\gameplay.h(211) : vea la declaración de 'fireemblem::gameplay::Personaje'
     1>c:\users\usuario\desktop\universidad\datos\fireemblem - copia\fireemblem\gameplay.h(245): error C3845: 'fireemblem::gameplay::myrmidon1': solamente se pueden inicializar miembros de datos estáticos dentro de clase ref o de un tipo de valor
     1>c:\users\usuario\desktop\universidad\datos\fireemblem - copia\fireemblem\gameplay.h(246): warning C4677: 'jugador1': la firma de un miembro no privado contiene un tipo privado de ensamblado de 'fireemblem::gameplay::Personaje'
                 c:\users\usuario\desktop\universidad\datos\fireemblem - copia\fireemblem\gameplay.h(211) : vea la declaración de 'fireemblem::gameplay::Personaje'
     1>c:\users\usuario\desktop\universidad\datos\fireemblem - copia\fireemblem\gameplay.h(246): error C3845: 'fireemblem::gameplay::jugador1': solamente se pueden inicializar miembros de datos estáticos dentro de clase ref o de un tipo de valor
     1>c:\users\usuario\desktop\universidad\datos\fireemblem - copia\fireemblem\gameplay.h(247): warning C4677: 'jugador2': la firma de un miembro no privado contiene un tipo privado de ensamblado de 'fireemblem::gameplay::Personaje'
                 c:\users\usuario\desktop\universidad\datos\fireemblem - copia\fireemblem\gameplay.h(211) : vea la declaración de 'fireemblem::gameplay::Personaje'
     1>c:\users\usuario\desktop\universidad\datos\fireemblem - copia\fireemblem\gameplay.h(247): error C3845: 'fireemblem::gameplay::jugador2': solamente se pueden inicializar miembros de datos estáticos dentro de clase ref o de un tipo de valor
     1>c:\users\usuario\desktop\universidad\datos\fireemblem - copia\fireemblem\gameplay.h(248): warning C4677: 'jinete2': la firma de un miembro no privado contiene un tipo privado de ensamblado de 'fireemblem::gameplay::Personaje'
                 c:\users\usuario\desktop\universidad\datos\fireemblem - copia\fireemblem\gameplay.h(211) : vea la declaración de 'fireemblem::gameplay::Personaje'
     1>c:\users\usuario\desktop\universidad\datos\fireemblem - copia\fireemblem\gameplay.h(248): error C3845: 'fireemblem::gameplay::jinete2': solamente se pueden inicializar miembros de datos estáticos dentro de clase ref o de un tipo de valor
     1>c:\users\usuario\desktop\universidad\datos\fireemblem - copia\fireemblem\gameplay.h(249): warning C4677: 'caballero2': la firma de un miembro no privado contiene un tipo privado de ensamblado de 'fireemblem::gameplay::Personaje'
                 c:\users\usuario\desktop\universidad\datos\fireemblem - copia\fireemblem\gameplay.h(211) : vea la declaración de 'fireemblem::gameplay::Personaje'
     1>c:\users\usuario\desktop\universidad\datos\fireemblem - copia\fireemblem\gameplay.h(249): error C3845: 'fireemblem::gameplay::caballero2': solamente se pueden inicializar miembros de datos estáticos dentro de clase ref o de un tipo de valor
     1>c:\users\usuario\desktop\universidad\datos\fireemblem - copia\fireemblem\gameplay.h(250): warning C4677: 'luchador2': la firma de un miembro no privado contiene un tipo privado de ensamblado de 'fireemblem::gameplay::Personaje'
                 c:\users\usuario\desktop\universidad\datos\fireemblem - copia\fireemblem\gameplay.h(211) : vea la declaración de 'fireemblem::gameplay::Personaje'
     1>c:\users\usuario\desktop\universidad\datos\fireemblem - copia\fireemblem\gameplay.h(250): error C3845: 'fireemblem::gameplay::luchador2': solamente se pueden inicializar miembros de datos estáticos dentro de clase ref o de un tipo de valor
     1>c:\users\usuario\desktop\universidad\datos\fireemblem - copia\fireemblem\gameplay.h(251): warning C4677: 'mercenario2': la firma de un miembro no privado contiene un tipo privado de ensamblado de 'fireemblem::gameplay::Personaje'
                 c:\users\usuario\desktop\universidad\datos\fireemblem - copia\fireemblem\gameplay.h(211) : vea la declaración de 'fireemblem::gameplay::Personaje'
     1>c:\users\usuario\desktop\universidad\datos\fireemblem - copia\fireemblem\gameplay.h(251): error C3845: 'fireemblem::gameplay::mercenario2': solamente se pueden inicializar miembros de datos estáticos dentro de clase ref o de un tipo de valor
     1>c:\users\usuario\desktop\universidad\datos\fireemblem - copia\fireemblem\gameplay.h(252): warning C4677: 'myrmidon2': la firma de un miembro no privado contiene un tipo privado de ensamblado de 'fireemblem::gameplay::Personaje'
                 c:\users\usuario\desktop\universidad\datos\fireemblem - copia\fireemblem\gameplay.h(211) : vea la declaración de 'fireemblem::gameplay::Personaje'
     1>c:\users\usuario\desktop\universidad\datos\fireemblem - copia\fireemblem\gameplay.h(252): error C3845: 'fireemblem::gameplay::myrmidon2': solamente se pueden inicializar miembros de datos estáticos dentro de clase ref o de un tipo de valor
     1>c:\users\usuario\desktop\universidad\datos\fireemblem - copia\fireemblem\gameplay.h(257): warning C4677: 'estadisticaslabel': la firma de un miembro no privado contiene un tipo privado de ensamblado de 'fireemblem::gameplay::Personaje'
                 c:\users\usuario\desktop\universidad\datos\fireemblem - copia\fireemblem\gameplay.h(211) : vea la declaración de 'fireemblem::gameplay::Personaje'
     1>c:\users\usuario\desktop\universidad\datos\fireemblem - copia\fireemblem\gameplay.h(309): warning C4677: 'llenarlista': la firma de un miembro no privado contiene un tipo privado de ensamblado de 'fireemblem::gameplay::Nodocolumna'
                 c:\users\usuario\desktop\universidad\datos\fireemblem - copia\fireemblem\gameplay.h(201) : vea la declaración de 'fireemblem::gameplay::Nodocolumna'
     1>c:\users\usuario\desktop\universidad\datos\fireemblem - copia\fireemblem\gameplay.h(332): warning C4677: 'crearlista': la firma de un miembro no privado contiene un tipo privado de ensamblado de 'fireemblem::gameplay::Nodocolumna'
                 c:\users\usuario\desktop\universidad\datos\fireemblem - copia\fireemblem\gameplay.h(201) : vea la declaración de 'fireemblem::gameplay::Nodocolumna'
     1>c:\users\usuario\desktop\universidad\datos\fireemblem - copia\fireemblem\gameplay.h(365): warning C4677: 'mostrarDG': la firma de un miembro no privado contiene un tipo privado de ensamblado de 'fireemblem::gameplay::Nodocolumna'
                 c:\users\usuario\desktop\universidad\datos\fireemblem - copia\fireemblem\gameplay.h(201) : vea la declaración de 'fireemblem::gameplay::Nodocolumna'
     1>c:\users\usuario\desktop\universidad\datos\fireemblem - copia\fireemblem\gameplay.h(382): warning C4677: 'estadisticas': la firma de un miembro no privado contiene un tipo privado de ensamblado de 'fireemblem::gameplay::Personaje'
                 c:\users\usuario\desktop\universidad\datos\fireemblem - copia\fireemblem\gameplay.h(211) : vea la declaración de 'fireemblem::gameplay::Personaje'
     1>c:\users\usuario\desktop\universidad\datos\fireemblem - copia\fireemblem\gameplay.h(392): warning C4677: 'estadisticasunidades': la firma de un miembro no privado contiene un tipo privado de ensamblado de 'fireemblem::gameplay::Personaje'
                 c:\users\usuario\desktop\universidad\datos\fireemblem - copia\fireemblem\gameplay.h(211) : vea la declaración de 'fireemblem::gameplay::Personaje'
                 c:\users\usuario\desktop\universidad\datos\fireemblem - copia\fireemblem\gameplay.h(211) : vea la declaración de 'fireemblem::gameplay::Personaje'
                 c:\users\usuario\desktop\universidad\datos\fireemblem - copia\fireemblem\gameplay.h(211) : vea la declaración de 'fireemblem::gameplay::Personaje'
                 c:\users\usuario\desktop\universidad\datos\fireemblem - copia\fireemblem\gameplay.h(211) : vea la declaración de 'fireemblem::gameplay::Personaje'
                 c:\users\usuario\desktop\universidad\datos\fireemblem - copia\fireemblem\gameplay.h(211) : vea la declaración de 'fireemblem::gameplay::Personaje'
     1>c:\users\usuario\desktop\universidad\datos\fireemblem - copia\fireemblem\gameplay.h(402): warning C4677: 'estadisticasplayer': la firma de un miembro no privado contiene un tipo privado de ensamblado de 'fireemblem::gameplay::Personaje'
                 c:\users\usuario\desktop\universidad\datos\fireemblem - copia\fireemblem\gameplay.h(211) : vea la declaración de 'fireemblem::gameplay::Personaje'
     1>c:\users\usuario\desktop\universidad\datos\fireemblem - copia\fireemblem\gameplay.h(412): warning C4677: 'retornarnodoconpos': la firma de un miembro no privado contiene un tipo privado de ensamblado de 'fireemblem::gameplay::NodoFila'
                 c:\users\usuario\desktop\universidad\datos\fireemblem - copia\fireemblem\gameplay.h(195) : vea la declaración de 'fireemblem::gameplay::NodoFila'
     1>c:\users\usuario\desktop\universidad\datos\fireemblem - copia\fireemblem\gameplay.h(269): warning C4305: 'inicializando' : truncamiento de 'double' a 'float'
     1>c:\users\usuario\desktop\universidad\datos\fireemblem - copia\fireemblem\gameplay.h(270): warning C4305: 'inicializando' : truncamiento de 'double' a 'float'
     1>c:\users\usuario\desktop\universidad\datos\fireemblem - copia\fireemblem\gameplay.h(271): warning C4305: 'inicializando' : truncamiento de 'double' a 'float'
     1>c:\users\usuario\desktop\universidad\datos\fireemblem - copia\fireemblem\gameplay.h(275): warning C4800: 'float' : forzando el valor a bool 'true' o 'false' (advertencia de rendimiento)
     1>c:\users\usuario\desktop\universidad\datos\fireemblem - copia\fireemblem\gameplay.h(280): warning C4305: 'inicializando' : truncamiento de 'double' a 'float'
     1>c:\users\usuario\desktop\universidad\datos\fireemblem - copia\fireemblem\gameplay.h(281): warning C4305: 'inicializando' : truncamiento de 'double' a 'float'
     1>c:\users\usuario\desktop\universidad\datos\fireemblem - copia\fireemblem\gameplay.h(282): warning C4305: 'inicializando' : truncamiento de 'double' a 'float'
     1>c:\users\usuario\desktop\universidad\datos\fireemblem - copia\fireemblem\gameplay.h(285): warning C4800: 'float' : forzando el valor a bool 'true' o 'false' (advertencia de rendimiento)
         inisesion.cpp
         menu.cpp
     1>c:\users\usuario\desktop\universidad\datos\fireemblem - copia\fireemblem\gameplay.h(208): error C3845: 'fireemblem::gameplay::bonificaciones::arbol': solamente se pueden inicializar miembros de datos estáticos dentro de clase ref o de un tipo de valor
     1>c:\users\usuario\desktop\universidad\datos\fireemblem - copia\fireemblem\gameplay.h(208): error C3845: 'fireemblem::gameplay::bonificaciones::arbusto': solamente se pueden inicializar miembros de datos estáticos dentro de clase ref o de un tipo de valor
     1>c:\users\usuario\desktop\universidad\datos\fireemblem - copia\fireemblem\gameplay.h(208): error C3845: 'fireemblem::gameplay::bonificaciones::castillo': solamente se pueden inicializar miembros de datos estáticos dentro de clase ref o de un tipo de valor
     1>c:\users\usuario\desktop\universidad\datos\fireemblem - copia\fireemblem\gameplay.h(208): error C3845: 'fireemblem::gameplay::bonificaciones::rio': solamente se pueden inicializar miembros de datos estáticos dentro de clase ref o de un tipo de valor
     1>c:\users\usuario\desktop\universidad\datos\fireemblem - copia\fireemblem\gameplay.h(240): warning C4677: 'PTR': la firma de un miembro no privado contiene un tipo privado de ensamblado de 'fireemblem::gameplay::Nodocolumna'
                 c:\users\usuario\desktop\universidad\datos\fireemblem - copia\fireemblem\gameplay.h(201) : vea la declaración de 'fireemblem::gameplay::Nodocolumna'
     1>c:\users\usuario\desktop\universidad\datos\fireemblem - copia\fireemblem\gameplay.h(240): error C3845: 'fireemblem::gameplay::PTR': solamente se pueden inicializar miembros de datos estáticos dentro de clase ref o de un tipo de valor
     1>c:\users\usuario\desktop\universidad\datos\fireemblem - copia\fireemblem\gameplay.h(241): warning C4677: 'jinete1': la firma de un miembro no privado contiene un tipo privado de ensamblado de 'fireemblem::gameplay::Personaje'
                 c:\users\usuario\desktop\universidad\datos\fireemblem - copia\fireemblem\gameplay.h(211) : vea la declaración de 'fireemblem::gameplay::Personaje'
     1>c:\users\usuario\desktop\universidad\datos\fireemblem - copia\fireemblem\gameplay.h(241): error C3845: 'fireemblem::gameplay::jinete1': solamente se pueden inicializar miembros de datos estáticos dentro de clase ref o de un tipo de valor
     1>c:\users\usuario\desktop\universidad\datos\fireemblem - copia\fireemblem\gameplay.h(242): warning C4677: 'caballero1': la firma de un miembro no privado contiene un tipo privado de ensamblado de 'fireemblem::gameplay::Personaje'
                 c:\users\usuario\desktop\universidad\datos\fireemblem - copia\fireemblem\gameplay.h(211) : vea la declaración de 'fireemblem::gameplay::Personaje'
     1>c:\users\usuario\desktop\universidad\datos\fireemblem - copia\fireemblem\gameplay.h(242): error C3845: 'fireemblem::gameplay::caballero1': solamente se pueden inicializar miembros de datos estáticos dentro de clase ref o de un tipo de valor
     1>c:\users\usuario\desktop\universidad\datos\fireemblem - copia\fireemblem\gameplay.h(243): warning C4677: 'luchador1': la firma de un miembro no privado contiene un tipo privado de ensamblado de 'fireemblem::gameplay::Personaje'
                 c:\users\usuario\desktop\universidad\datos\fireemblem - copia\fireemblem\gameplay.h(211) : vea la declaración de 'fireemblem::gameplay::Personaje'
     1>c:\users\usuario\desktop\universidad\datos\fireemblem - copia\fireemblem\gameplay.h(243): error C3845: 'fireemblem::gameplay::luchador1': solamente se pueden inicializar miembros de datos estáticos dentro de clase ref o de un tipo de valor
     1>c:\users\usuario\desktop\universidad\datos\fireemblem - copia\fireemblem\gameplay.h(244): warning C4677: 'mercenario1': la firma de un miembro no privado contiene un tipo privado de ensamblado de 'fireemblem::gameplay::Personaje'
                 c:\users\usuario\desktop\universidad\datos\fireemblem - copia\fireemblem\gameplay.h(211) : vea la declaración de 'fireemblem::gameplay::Personaje'
     1>c:\users\usuario\desktop\universidad\datos\fireemblem - copia\fireemblem\gameplay.h(244): error C3845: 'fireemblem::gameplay::mercenario1': solamente se pueden inicializar miembros de datos estáticos dentro de clase ref o de un tipo de valor
     1>c:\users\usuario\desktop\universidad\datos\fireemblem - copia\fireemblem\gameplay.h(245): warning C4677: 'myrmidon1': la firma de un miembro no privado contiene un tipo privado de ensamblado de 'fireemblem::gameplay::Personaje'
                 c:\users\usuario\desktop\universidad\datos\fireemblem - copia\fireemblem\gameplay.h(211) : vea la declaración de 'fireemblem::gameplay::Personaje'
     1>c:\users\usuario\desktop\universidad\datos\fireemblem - copia\fireemblem\gameplay.h(245): error C3845: 'fireemblem::gameplay::myrmidon1': solamente se pueden inicializar miembros de datos estáticos dentro de clase ref o de un tipo de valor
     1>c:\users\usuario\desktop\universidad\datos\fireemblem - copia\fireemblem\gameplay.h(246): warning C4677: 'jugador1': la firma de un miembro no privado contiene un tipo privado de ensamblado de 'fireemblem::gameplay::Personaje'
                 c:\users\usuario\desktop\universidad\datos\fireemblem - copia\fireemblem\gameplay.h(211) : vea la declaración de 'fireemblem::gameplay::Personaje'
     1>c:\users\usuario\desktop\universidad\datos\fireemblem - copia\fireemblem\gameplay.h(246): error C3845: 'fireemblem::gameplay::jugador1': solamente se pueden inicializar miembros de datos estáticos dentro de clase ref o de un tipo de valor
     1>c:\users\usuario\desktop\universidad\datos\fireemblem - copia\fireemblem\gameplay.h(247): warning C4677: 'jugador2': la firma de un miembro no privado contiene un tipo privado de ensamblado de 'fireemblem::gameplay::Personaje'
                 c:\users\usuario\desktop\universidad\datos\fireemblem - copia\fireemblem\gameplay.h(211) : vea la declaración de 'fireemblem::gameplay::Personaje'
     1>c:\users\usuario\desktop\universidad\datos\fireemblem - copia\fireemblem\gameplay.h(247): error C3845: 'fireemblem::gameplay::jugador2': solamente se pueden inicializar miembros de datos estáticos dentro de clase ref o de un tipo de valor
     1>c:\users\usuario\desktop\universidad\datos\fireemblem - copia\fireemblem\gameplay.h(248): warning C4677: 'jinete2': la firma de un miembro no privado contiene un tipo privado de ensamblado de 'fireemblem::gameplay::Personaje'
                 c:\users\usuario\desktop\universidad\datos\fireemblem - copia\fireemblem\gameplay.h(211) : vea la declaración de 'fireemblem::gameplay::Personaje'
     1>c:\users\usuario\desktop\universidad\datos\fireemblem - copia\fireemblem\gameplay.h(248): error C3845: 'fireemblem::gameplay::jinete2': solamente se pueden inicializar miembros de datos estáticos dentro de clase ref o de un tipo de valor
     1>c:\users\usuario\desktop\universidad\datos\fireemblem - copia\fireemblem\gameplay.h(249): warning C4677: 'caballero2': la firma de un miembro no privado contiene un tipo privado de ensamblado de 'fireemblem::gameplay::Personaje'
                 c:\users\usuario\desktop\universidad\datos\fireemblem - copia\fireemblem\gameplay.h(211) : vea la declaración de 'fireemblem::gameplay::Personaje'
     1>c:\users\usuario\desktop\universidad\datos\fireemblem - copia\fireemblem\gameplay.h(249): error C3845: 'fireemblem::gameplay::caballero2': solamente se pueden inicializar miembros de datos estáticos dentro de clase ref o de un tipo de valor
     1>c:\users\usuario\desktop\universidad\datos\fireemblem - copia\fireemblem\gameplay.h(250): warning C4677: 'luchador2': la firma de un miembro no privado contiene un tipo privado de ensamblado de 'fireemblem::gameplay::Personaje'
                 c:\users\usuario\desktop\universidad\datos\fireemblem - copia\fireemblem\gameplay.h(211) : vea la declaración de 'fireemblem::gameplay::Personaje'
     1>c:\users\usuario\desktop\universidad\datos\fireemblem - copia\fireemblem\gameplay.h(250): error C3845: 'fireemblem::gameplay::luchador2': solamente se pueden inicializar miembros de datos estáticos dentro de clase ref o de un tipo de valor
     1>c:\users\usuario\desktop\universidad\datos\fireemblem - copia\fireemblem\gameplay.h(251): warning C4677: 'mercenario2': la firma de un miembro no privado contiene un tipo privado de ensamblado de 'fireemblem::gameplay::Personaje'
                 c:\users\usuario\desktop\universidad\datos\fireemblem - copia\fireemblem\gameplay.h(211) : vea la declaración de 'fireemblem::gameplay::Personaje'
     1>c:\users\usuario\desktop\universidad\datos\fireemblem - copia\fireemblem\gameplay.h(251): error C3845: 'fireemblem::gameplay::mercenario2': solamente se pueden inicializar miembros de datos estáticos dentro de clase ref o de un tipo de valor
     1>c:\users\usuario\desktop\universidad\datos\fireemblem - copia\fireemblem\gameplay.h(252): warning C4677: 'myrmidon2': la firma de un miembro no privado contiene un tipo privado de ensamblado de 'fireemblem::gameplay::Personaje'
                 c:\users\usuario\desktop\universidad\datos\fireemblem - copia\fireemblem\gameplay.h(211) : vea la declaración de 'fireemblem::gameplay::Personaje'
     1>c:\users\usuario\desktop\universidad\datos\fireemblem - copia\fireemblem\gameplay.h(252): error C3845: 'fireemblem::gameplay::myrmidon2': solamente se pueden inicializar miembros de datos estáticos dentro de clase ref o de un tipo de valor
     1>c:\users\usuario\desktop\universidad\datos\fireemblem - copia\fireemblem\gameplay.h(257): warning C4677: 'estadisticaslabel': la firma de un miembro no privado contiene un tipo privado de ensamblado de 'fireemblem::gameplay::Personaje'
                 c:\users\usuario\desktop\universidad\datos\fireemblem - copia\fireemblem\gameplay.h(211) : vea la declaración de 'fireemblem::gameplay::Personaje'
     1>c:\users\usuario\desktop\universidad\datos\fireemblem - copia\fireemblem\gameplay.h(309): warning C4677: 'llenarlista': la firma de un miembro no privado contiene un tipo privado de ensamblado de 'fireemblem::gameplay::Nodocolumna'
                 c:\users\usuario\desktop\universidad\datos\fireemblem - copia\fireemblem\gameplay.h(201) : vea la declaración de 'fireemblem::gameplay::Nodocolumna'
     1>c:\users\usuario\desktop\universidad\datos\fireemblem - copia\fireemblem\gameplay.h(332): warning C4677: 'crearlista': la firma de un miembro no privado contiene un tipo privado de ensamblado de 'fireemblem::gameplay::Nodocolumna'
                 c:\users\usuario\desktop\universidad\datos\fireemblem - copia\fireemblem\gameplay.h(201) : vea la declaración de 'fireemblem::gameplay::Nodocolumna'
     1>c:\users\usuario\desktop\universidad\datos\fireemblem - copia\fireemblem\gameplay.h(365): warning C4677: 'mostrarDG': la firma de un miembro no privado contiene un tipo privado de ensamblado de 'fireemblem::gameplay::Nodocolumna'
                 c:\users\usuario\desktop\universidad\datos\fireemblem - copia\fireemblem\gameplay.h(201) : vea la declaración de 'fireemblem::gameplay::Nodocolumna'
     1>c:\users\usuario\desktop\universidad\datos\fireemblem - copia\fireemblem\gameplay.h(382): warning C4677: 'estadisticas': la firma de un miembro no privado contiene un tipo privado de ensamblado de 'fireemblem::gameplay::Personaje'
                 c:\users\usuario\desktop\universidad\datos\fireemblem - copia\fireemblem\gameplay.h(211) : vea la declaración de 'fireemblem::gameplay::Personaje'
     1>c:\users\usuario\desktop\universidad\datos\fireemblem - copia\fireemblem\gameplay.h(392): warning C4677: 'estadisticasunidades': la firma de un miembro no privado contiene un tipo privado de ensamblado de 'fireemblem::gameplay::Personaje'
                 c:\users\usuario\desktop\universidad\datos\fireemblem - copia\fireemblem\gameplay.h(211) : vea la declaración de 'fireemblem::gameplay::Personaje'
                 c:\users\usuario\desktop\universidad\datos\fireemblem - copia\fireemblem\gameplay.h(211) : vea la declaración de 'fireemblem::gameplay::Personaje'
                 c:\users\usuario\desktop\universidad\datos\fireemblem - copia\fireemblem\gameplay.h(211) : vea la declaración de 'fireemblem::gameplay::Personaje'
                 c:\users\usuario\desktop\universidad\datos\fireemblem - copia\fireemblem\gameplay.h(211) : vea la declaración de 'fireemblem::gameplay::Personaje'
                 c:\users\usuario\desktop\universidad\datos\fireemblem - copia\fireemblem\gameplay.h(211) : vea la declaración de 'fireemblem::gameplay::Personaje'
     1>c:\users\usuario\desktop\universidad\datos\fireemblem - copia\fireemblem\gameplay.h(402): warning C4677: 'estadisticasplayer': la firma de un miembro no privado contiene un tipo privado de ensamblado de 'fireemblem::gameplay::Personaje'
                 c:\users\usuario\desktop\universidad\datos\fireemblem - copia\fireemblem\gameplay.h(211) : vea la declaración de 'fireemblem::gameplay::Personaje'
     1>c:\users\usuario\desktop\universidad\datos\fireemblem - copia\fireemblem\gameplay.h(412): warning C4677: 'retornarnodoconpos': la firma de un miembro no privado contiene un tipo privado de ensamblado de 'fireemblem::gameplay::NodoFila'
                 c:\users\usuario\desktop\universidad\datos\fireemblem - copia\fireemblem\gameplay.h(195) : vea la declaración de 'fireemblem::gameplay::NodoFila'
     1>c:\users\usuario\desktop\universidad\datos\fireemblem - copia\fireemblem\gameplay.h(269): warning C4305: 'inicializando' : truncamiento de 'double' a 'float'
     1>c:\users\usuario\desktop\universidad\datos\fireemblem - copia\fireemblem\gameplay.h(270): warning C4305: 'inicializando' : truncamiento de 'double' a 'float'
     1>c:\users\usuario\desktop\universidad\datos\fireemblem - copia\fireemblem\gameplay.h(271): warning C4305: 'inicializando' : truncamiento de 'double' a 'float'
     1>c:\users\usuario\desktop\universidad\datos\fireemblem - copia\fireemblem\gameplay.h(275): warning C4800: 'float' : forzando el valor a bool 'true' o 'false' (advertencia de rendimiento)
     1>c:\users\usuario\desktop\universidad\datos\fireemblem - copia\fireemblem\gameplay.h(280): warning C4305: 'inicializando' : truncamiento de 'double' a 'float'
     1>c:\users\usuario\desktop\universidad\datos\fireemblem - copia\fireemblem\gameplay.h(281): warning C4305: 'inicializando' : truncamiento de 'double' a 'float'
     1>c:\users\usuario\desktop\universidad\datos\fireemblem - copia\fireemblem\gameplay.h(282): warning C4305: 'inicializando' : truncamiento de 'double' a 'float'
     1>c:\users\usuario\desktop\universidad\datos\fireemblem - copia\fireemblem\gameplay.h(285): warning C4800: 'float' : forzando el valor a bool 'true' o 'false' (advertencia de rendimiento)
     1>c:\users\usuario\desktop\universidad\datos\fireemblem - copia\fireemblem\registro.h(1107): error C3845: 'fireemblem::registro::boolseleccion::op1': solamente se pueden inicializar miembros de datos estáticos dentro de clase ref o de un tipo de valor
     1>c:\users\usuario\desktop\universidad\datos\fireemblem - copia\fireemblem\registro.h(1107): error C3845: 'fireemblem::registro::boolseleccion::op2': solamente se pueden inicializar miembros de datos estáticos dentro de clase ref o de un tipo de valor
     1>c:\users\usuario\desktop\universidad\datos\fireemblem - copia\fireemblem\registro.h(1107): error C3845: 'fireemblem::registro::boolseleccion::op3': solamente se pueden inicializar miembros de datos estáticos dentro de clase ref o de un tipo de valor
     1>c:\users\usuario\desktop\universidad\datos\fireemblem - copia\fireemblem\registro.h(1107): error C3845: 'fireemblem::registro::boolseleccion::op4': solamente se pueden inicializar miembros de datos estáticos dentro de clase ref o de un tipo de valor
     1>c:\users\usuario\desktop\universidad\datos\fireemblem - copia\fireemblem\registro.h(1107): error C3845: 'fireemblem::registro::boolseleccion::op5': solamente se pueden inicializar miembros de datos estáticos dentro de clase ref o de un tipo de valor
     1>c:\users\usuario\desktop\universidad\datos\fireemblem - copia\fireemblem\registro.h(1108): error C3845: 'fireemblem::registro::boolseleccion::oparma': solamente se pueden inicializar miembros de datos estáticos dentro de clase ref o de un tipo de valor
     1>c:\users\usuario\desktop\universidad\datos\fireemblem - copia\fireemblem\registro.h(1112): error C3845: 'fireemblem::registro::g': solamente se pueden inicializar miembros de datos estáticos dentro de clase ref o de un tipo de valor
     1>c:\users\usuario\desktop\universidad\datos\fireemblem - copia\fireemblem\registro.h(1113): error C3845: 'fireemblem::registro::paramjug2': solamente se pueden inicializar miembros de datos estáticos dentro de clase ref o de un tipo de valor
     1>c:\users\usuario\desktop\universidad\datos\fireemblem - copia\fireemblem\registro.h(1114): error C3845: 'fireemblem::registro::paramjug1': solamente se pueden inicializar miembros de datos estáticos dentro de clase ref o de un tipo de valor
     1>c:\users\usuario\desktop\universidad\datos\fireemblem - copia\fireemblem\registro.h(1119): error C3845: 'fireemblem::registro::fileName': solamente se pueden inicializar miembros de datos estáticos dentro de clase ref o de un tipo de valor
         menureg.cpp
         registro.cpp
     1>c:\users\usuario\desktop\universidad\datos\fireemblem - copia\fireemblem\gameplay.h(208): error C3845: 'fireemblem::gameplay::bonificaciones::arbol': solamente se pueden inicializar miembros de datos estáticos dentro de clase ref o de un tipo de valor
     1>c:\users\usuario\desktop\universidad\datos\fireemblem - copia\fireemblem\gameplay.h(208): error C3845: 'fireemblem::gameplay::bonificaciones::arbusto': solamente se pueden inicializar miembros de datos estáticos dentro de clase ref o de un tipo de valor
     1>c:\users\usuario\desktop\universidad\datos\fireemblem - copia\fireemblem\gameplay.h(208): error C3845: 'fireemblem::gameplay::bonificaciones::castillo': solamente se pueden inicializar miembros de datos estáticos dentro de clase ref o de un tipo de valor
     1>c:\users\usuario\desktop\universidad\datos\fireemblem - copia\fireemblem\gameplay.h(208): error C3845: 'fireemblem::gameplay::bonificaciones::rio': solamente se pueden inicializar miembros de datos estáticos dentro de clase ref o de un tipo de valor
     1>c:\users\usuario\desktop\universidad\datos\fireemblem - copia\fireemblem\gameplay.h(240): warning C4677: 'PTR': la firma de un miembro no privado contiene un tipo privado de ensamblado de 'fireemblem::gameplay::Nodocolumna'
                 c:\users\usuario\desktop\universidad\datos\fireemblem - copia\fireemblem\gameplay.h(201) : vea la declaración de 'fireemblem::gameplay::Nodocolumna'
     1>c:\users\usuario\desktop\universidad\datos\fireemblem - copia\fireemblem\gameplay.h(240): error C3845: 'fireemblem::gameplay::PTR': solamente se pueden inicializar miembros de datos estáticos dentro de clase ref o de un tipo de valor
     1>c:\users\usuario\desktop\universidad\datos\fireemblem - copia\fireemblem\gameplay.h(241): warning C4677: 'jinete1': la firma de un miembro no privado contiene un tipo privado de ensamblado de 'fireemblem::gameplay::Personaje'
                 c:\users\usuario\desktop\universidad\datos\fireemblem - copia\fireemblem\gameplay.h(211) : vea la declaración de 'fireemblem::gameplay::Personaje'
     1>c:\users\usuario\desktop\universidad\datos\fireemblem - copia\fireemblem\gameplay.h(241): error C3845: 'fireemblem::gameplay::jinete1': solamente se pueden inicializar miembros de datos estáticos dentro de clase ref o de un tipo de valor
     1>c:\users\usuario\desktop\universidad\datos\fireemblem - copia\fireemblem\gameplay.h(242): warning C4677: 'caballero1': la firma de un miembro no privado contiene un tipo privado de ensamblado de 'fireemblem::gameplay::Personaje'
                 c:\users\usuario\desktop\universidad\datos\fireemblem - copia\fireemblem\gameplay.h(211) : vea la declaración de 'fireemblem::gameplay::Personaje'
     1>c:\users\usuario\desktop\universidad\datos\fireemblem - copia\fireemblem\gameplay.h(242): error C3845: 'fireemblem::gameplay::caballero1': solamente se pueden inicializar miembros de datos estáticos dentro de clase ref o de un tipo de valor
     1>c:\users\usuario\desktop\universidad\datos\fireemblem - copia\fireemblem\gameplay.h(243): warning C4677: 'luchador1': la firma de un miembro no privado contiene un tipo privado de ensamblado de 'fireemblem::gameplay::Personaje'
                 c:\users\usuario\desktop\universidad\datos\fireemblem - copia\fireemblem\gameplay.h(211) : vea la declaración de 'fireemblem::gameplay::Personaje'
     1>c:\users\usuario\desktop\universidad\datos\fireemblem - copia\fireemblem\gameplay.h(243): error C3845: 'fireemblem::gameplay::luchador1': solamente se pueden inicializar miembros de datos estáticos dentro de clase ref o de un tipo de valor
     1>c:\users\usuario\desktop\universidad\datos\fireemblem - copia\fireemblem\gameplay.h(244): warning C4677: 'mercenario1': la firma de un miembro no privado contiene un tipo privado de ensamblado de 'fireemblem::gameplay::Personaje'
                 c:\users\usuario\desktop\universidad\datos\fireemblem - copia\fireemblem\gameplay.h(211) : vea la declaración de 'fireemblem::gameplay::Personaje'
     1>c:\users\usuario\desktop\universidad\datos\fireemblem - copia\fireemblem\gameplay.h(244): error C3845: 'fireemblem::gameplay::mercenario1': solamente se pueden inicializar miembros de datos estáticos dentro de clase ref o de un tipo de valor
     1>c:\users\usuario\desktop\universidad\datos\fireemblem - copia\fireemblem\gameplay.h(245): warning C4677: 'myrmidon1': la firma de un miembro no privado contiene un tipo privado de ensamblado de 'fireemblem::gameplay::Personaje'
                 c:\users\usuario\desktop\universidad\datos\fireemblem - copia\fireemblem\gameplay.h(211) : vea la declaración de 'fireemblem::gameplay::Personaje'
     1>c:\users\usuario\desktop\universidad\datos\fireemblem - copia\fireemblem\gameplay.h(245): error C3845: 'fireemblem::gameplay::myrmidon1': solamente se pueden inicializar miembros de datos estáticos dentro de clase ref o de un tipo de valor
     1>c:\users\usuario\desktop\universidad\datos\fireemblem - copia\fireemblem\gameplay.h(246): warning C4677: 'jugador1': la firma de un miembro no privado contiene un tipo privado de ensamblado de 'fireemblem::gameplay::Personaje'
                 c:\users\usuario\desktop\universidad\datos\fireemblem - copia\fireemblem\gameplay.h(211) : vea la declaración de 'fireemblem::gameplay::Personaje'
     1>c:\users\usuario\desktop\universidad\datos\fireemblem - copia\fireemblem\gameplay.h(246): error C3845: 'fireemblem::gameplay::jugador1': solamente se pueden inicializar miembros de datos estáticos dentro de clase ref o de un tipo de valor
     1>c:\users\usuario\desktop\universidad\datos\fireemblem - copia\fireemblem\gameplay.h(247): warning C4677: 'jugador2': la firma de un miembro no privado contiene un tipo privado de ensamblado de 'fireemblem::gameplay::Personaje'
                 c:\users\usuario\desktop\universidad\datos\fireemblem - copia\fireemblem\gameplay.h(211) : vea la declaración de 'fireemblem::gameplay::Personaje'
     1>c:\users\usuario\desktop\universidad\datos\fireemblem - copia\fireemblem\gameplay.h(247): error C3845: 'fireemblem::gameplay::jugador2': solamente se pueden inicializar miembros de datos estáticos dentro de clase ref o de un tipo de valor
     1>c:\users\usuario\desktop\universidad\datos\fireemblem - copia\fireemblem\gameplay.h(248): warning C4677: 'jinete2': la firma de un miembro no privado contiene un tipo privado de ensamblado de 'fireemblem::gameplay::Personaje'
                 c:\users\usuario\desktop\universidad\datos\fireemblem - copia\fireemblem\gameplay.h(211) : vea la declaración de 'fireemblem::gameplay::Personaje'
     1>c:\users\usuario\desktop\universidad\datos\fireemblem - copia\fireemblem\gameplay.h(248): error C3845: 'fireemblem::gameplay::jinete2': solamente se pueden inicializar miembros de datos estáticos dentro de clase ref o de un tipo de valor
     1>c:\users\usuario\desktop\universidad\datos\fireemblem - copia\fireemblem\gameplay.h(249): warning C4677: 'caballero2': la firma de un miembro no privado contiene un tipo privado de ensamblado de 'fireemblem::gameplay::Personaje'
                 c:\users\usuario\desktop\universidad\datos\fireemblem - copia\fireemblem\gameplay.h(211) : vea la declaración de 'fireemblem::gameplay::Personaje'
     1>c:\users\usuario\desktop\universidad\datos\fireemblem - copia\fireemblem\gameplay.h(249): error C3845: 'fireemblem::gameplay::caballero2': solamente se pueden inicializar miembros de datos estáticos dentro de clase ref o de un tipo de valor
     1>c:\users\usuario\desktop\universidad\datos\fireemblem - copia\fireemblem\gameplay.h(250): warning C4677: 'luchador2': la firma de un miembro no privado contiene un tipo privado de ensamblado de 'fireemblem::gameplay::Personaje'
                 c:\users\usuario\desktop\universidad\datos\fireemblem - copia\fireemblem\gameplay.h(211) : vea la declaración de 'fireemblem::gameplay::Personaje'
     1>c:\users\usuario\desktop\universidad\datos\fireemblem - copia\fireemblem\gameplay.h(250): error C3845: 'fireemblem::gameplay::luchador2': solamente se pueden inicializar miembros de datos estáticos dentro de clase ref o de un tipo de valor
     1>c:\users\usuario\desktop\universidad\datos\fireemblem - copia\fireemblem\gameplay.h(251): warning C4677: 'mercenario2': la firma de un miembro no privado contiene un tipo privado de ensamblado de 'fireemblem::gameplay::Personaje'
                 c:\users\usuario\desktop\universidad\datos\fireemblem - copia\fireemblem\gameplay.h(211) : vea la declaración de 'fireemblem::gameplay::Personaje'
     1>c:\users\usuario\desktop\universidad\datos\fireemblem - copia\fireemblem\gameplay.h(251): error C3845: 'fireemblem::gameplay::mercenario2': solamente se pueden inicializar miembros de datos estáticos dentro de clase ref o de un tipo de valor
     1>c:\users\usuario\desktop\universidad\datos\fireemblem - copia\fireemblem\gameplay.h(252): warning C4677: 'myrmidon2': la firma de un miembro no privado contiene un tipo privado de ensamblado de 'fireemblem::gameplay::Personaje'
                 c:\users\usuario\desktop\universidad\datos\fireemblem - copia\fireemblem\gameplay.h(211) : vea la declaración de 'fireemblem::gameplay::Personaje'
     1>c:\users\usuario\desktop\universidad\datos\fireemblem - copia\fireemblem\gameplay.h(252): error C3845: 'fireemblem::gameplay::myrmidon2': solamente se pueden inicializar miembros de datos estáticos dentro de clase ref o de un tipo de valor
     1>c:\users\usuario\desktop\universidad\datos\fireemblem - copia\fireemblem\gameplay.h(257): warning C4677: 'estadisticaslabel': la firma de un miembro no privado contiene un tipo privado de ensamblado de 'fireemblem::gameplay::Personaje'
                 c:\users\usuario\desktop\universidad\datos\fireemblem - copia\fireemblem\gameplay.h(211) : vea la declaración de 'fireemblem::gameplay::Personaje'
     1>c:\users\usuario\desktop\universidad\datos\fireemblem - copia\fireemblem\gameplay.h(309): warning C4677: 'llenarlista': la firma de un miembro no privado contiene un tipo privado de ensamblado de 'fireemblem::gameplay::Nodocolumna'
                 c:\users\usuario\desktop\universidad\datos\fireemblem - copia\fireemblem\gameplay.h(201) : vea la declaración de 'fireemblem::gameplay::Nodocolumna'
     1>c:\users\usuario\desktop\universidad\datos\fireemblem - copia\fireemblem\gameplay.h(332): warning C4677: 'crearlista': la firma de un miembro no privado contiene un tipo privado de ensamblado de 'fireemblem::gameplay::Nodocolumna'
                 c:\users\usuario\desktop\universidad\datos\fireemblem - copia\fireemblem\gameplay.h(201) : vea la declaración de 'fireemblem::gameplay::Nodocolumna'
     1>c:\users\usuario\desktop\universidad\datos\fireemblem - copia\fireemblem\gameplay.h(365): warning C4677: 'mostrarDG': la firma de un miembro no privado contiene un tipo privado de ensamblado de 'fireemblem::gameplay::Nodocolumna'
                 c:\users\usuario\desktop\universidad\datos\fireemblem - copia\fireemblem\gameplay.h(201) : vea la declaración de 'fireemblem::gameplay::Nodocolumna'
     1>c:\users\usuario\desktop\universidad\datos\fireemblem - copia\fireemblem\gameplay.h(382): warning C4677: 'estadisticas': la firma de un miembro no privado contiene un tipo privado de ensamblado de 'fireemblem::gameplay::Personaje'
                 c:\users\usuario\desktop\universidad\datos\fireemblem - copia\fireemblem\gameplay.h(211) : vea la declaración de 'fireemblem::gameplay::Personaje'
     1>c:\users\usuario\desktop\universidad\datos\fireemblem - copia\fireemblem\gameplay.h(392): warning C4677: 'estadisticasunidades': la firma de un miembro no privado contiene un tipo privado de ensamblado de 'fireemblem::gameplay::Personaje'
                 c:\users\usuario\desktop\universidad\datos\fireemblem - copia\fireemblem\gameplay.h(211) : vea la declaración de 'fireemblem::gameplay::Personaje'
                 c:\users\usuario\desktop\universidad\datos\fireemblem - copia\fireemblem\gameplay.h(211) : vea la declaración de 'fireemblem::gameplay::Personaje'
                 c:\users\usuario\desktop\universidad\datos\fireemblem - copia\fireemblem\gameplay.h(211) : vea la declaración de 'fireemblem::gameplay::Personaje'
                 c:\users\usuario\desktop\universidad\datos\fireemblem - copia\fireemblem\gameplay.h(211) : vea la declaración de 'fireemblem::gameplay::Personaje'
                 c:\users\usuario\desktop\universidad\datos\fireemblem - copia\fireemblem\gameplay.h(211) : vea la declaración de 'fireemblem::gameplay::Personaje'
     1>c:\users\usuario\desktop\universidad\datos\fireemblem - copia\fireemblem\gameplay.h(402): warning C4677: 'estadisticasplayer': la firma de un miembro no privado contiene un tipo privado de ensamblado de 'fireemblem::gameplay::Personaje'
                 c:\users\usuario\desktop\universidad\datos\fireemblem - copia\fireemblem\gameplay.h(211) : vea la declaración de 'fireemblem::gameplay::Personaje'
     1>c:\users\usuario\desktop\universidad\datos\fireemblem - copia\fireemblem\gameplay.h(412): warning C4677: 'retornarnodoconpos': la firma de un miembro no privado contiene un tipo privado de ensamblado de 'fireemblem::gameplay::NodoFila'
                 c:\users\usuario\desktop\universidad\datos\fireemblem - copia\fireemblem\gameplay.h(195) : vea la declaración de 'fireemblem::gameplay::NodoFila'
     1>c:\users\usuario\desktop\universidad\datos\fireemblem - copia\fireemblem\gameplay.h(269): warning C4305: 'inicializando' : truncamiento de 'double' a 'float'
     1>c:\users\usuario\desktop\universidad\datos\fireemblem - copia\fireemblem\gameplay.h(270): warning C4305: 'inicializando' : truncamiento de 'double' a 'float'
     1>c:\users\usuario\desktop\universidad\datos\fireemblem - copia\fireemblem\gameplay.h(271): warning C4305: 'inicializando' : truncamiento de 'double' a 'float'
     1>c:\users\usuario\desktop\universidad\datos\fireemblem - copia\fireemblem\gameplay.h(275): warning C4800: 'float' : forzando el valor a bool 'true' o 'false' (advertencia de rendimiento)
     1>c:\users\usuario\desktop\universidad\datos\fireemblem - copia\fireemblem\gameplay.h(280): warning C4305: 'inicializando' : truncamiento de 'double' a 'float'
     1>c:\users\usuario\desktop\universidad\datos\fireemblem - copia\fireemblem\gameplay.h(281): warning C4305: 'inicializando' : truncamiento de 'double' a 'float'
     1>c:\users\usuario\desktop\universidad\datos\fireemblem - copia\fireemblem\gameplay.h(282): warning C4305: 'inicializando' : truncamiento de 'double' a 'float'
     1>c:\users\usuario\desktop\universidad\datos\fireemblem - copia\fireemblem\gameplay.h(285): warning C4800: 'float' : forzando el valor a bool 'true' o 'false' (advertencia de rendimiento)
     1>c:\users\usuario\desktop\universidad\datos\fireemblem - copia\fireemblem\registro.h(1107): error C3845: 'fireemblem::registro::boolseleccion::op1': solamente se pueden inicializar miembros de datos estáticos dentro de clase ref o de un tipo de valor
     1>c:\users\usuario\desktop\universidad\datos\fireemblem - copia\fireemblem\registro.h(1107): error C3845: 'fireemblem::registro::boolseleccion::op2': solamente se pueden inicializar miembros de datos estáticos dentro de clase ref o de un tipo de valor
     1>c:\users\usuario\desktop\universidad\datos\fireemblem - copia\fireemblem\registro.h(1107): error C3845: 'fireemblem::registro::boolseleccion::op3': solamente se pueden inicializar miembros de datos estáticos dentro de clase ref o de un tipo de valor
     1>c:\users\usuario\desktop\universidad\datos\fireemblem - copia\fireemblem\registro.h(1107): error C3845: 'fireemblem::registro::boolseleccion::op4': solamente se pueden inicializar miembros de datos estáticos dentro de clase ref o de un tipo de valor
     1>c:\users\usuario\desktop\universidad\datos\fireemblem - copia\fireemblem\registro.h(1107): error C3845: 'fireemblem::registro::boolseleccion::op5': solamente se pueden inicializar miembros de datos estáticos dentro de clase ref o de un tipo de valor
     1>c:\users\usuario\desktop\universidad\datos\fireemblem - copia\fireemblem\registro.h(1108): error C3845: 'fireemblem::registro::boolseleccion::oparma': solamente se pueden inicializar miembros de datos estáticos dentro de clase ref o de un tipo de valor
     1>c:\users\usuario\desktop\universidad\datos\fireemblem - copia\fireemblem\registro.h(1112): error C3845: 'fireemblem::registro::g': solamente se pueden inicializar miembros de datos estáticos dentro de clase ref o de un tipo de valor
     1>c:\users\usuario\desktop\universidad\datos\fireemblem - copia\fireemblem\registro.h(1113): error C3845: 'fireemblem::registro::paramjug2': solamente se pueden inicializar miembros de datos estáticos dentro de clase ref o de un tipo de valor
     1>c:\users\usuario\desktop\universidad\datos\fireemblem - copia\fireemblem\registro.h(1114): error C3845: 'fireemblem::registro::paramjug1': solamente se pueden inicializar miembros de datos estáticos dentro de clase ref o de un tipo de valor
     1>c:\users\usuario\desktop\universidad\datos\fireemblem - copia\fireemblem\registro.h(1119): error C3845: 'fireemblem::registro::fileName': solamente se pueden inicializar miembros de datos estáticos dentro de clase ref o de un tipo de valor
         uni.cpp
         Generando código...
     1>Compilación del proyecto terminada "C:\Users\usuario\Desktop\universidad\Datos\fireemblem - copia\fireemblem\fireemblem.vcxproj" (Build destinos) -- ERROR.

ERROR al compilar.

Tiempo transcurrido 00:00:09.24
