c:\users\usuario\documents\fire emblem (datos)\fireemblem\fireemblem\debug\vc120.pdb
c:\users\usuario\documents\fire emblem (datos)\fireemblem\fireemblem\debug\.netframework,version=v4.5.assemblyattributes.obj
c:\users\usuario\documents\fire emblem (datos)\fireemblem\fireemblem\debug\registro.obj
c:\users\usuario\documents\fire emblem (datos)\fireemblem\fireemblem\debug\menu.obj
c:\users\usuario\documents\fire emblem (datos)\fireemblem\fireemblem\debug\gameplay.obj
c:\users\usuario\documents\fire emblem (datos)\fireemblem\fireemblem\debug\uni.obj
c:\users\usuario\documents\fire emblem (datos)\fireemblem\fireemblem\debug\menureg.obj
c:\users\usuario\documents\fire emblem (datos)\fireemblem\fireemblem\debug\inisesion.obj
c:\users\usuario\documents\fire emblem (datos)\fireemblem\fireemblem\debug\finalgame.obj
c:\users\usuario\documents\fire emblem (datos)\fireemblem\fireemblem\debug\fireemblem.finalgame.resources
c:\users\usuario\documents\fire emblem (datos)\fireemblem\fireemblem\debug\fireemblem.game1.resources
c:\users\usuario\documents\fire emblem (datos)\fireemblem\fireemblem\debug\fireemblem.gameplay.resources
c:\users\usuario\documents\fire emblem (datos)\fireemblem\fireemblem\debug\fireemblem.menu.resources
c:\users\usuario\documents\fire emblem (datos)\fireemblem\fireemblem\debug\fireemblem.registro.resources
c:\users\usuario\documents\fire emblem (datos)\fireemblem\debug\fireemblem.exe
c:\users\usuario\documents\fire emblem (datos)\fireemblem\debug\fireemblem.pdb
c:\users\usuario\documents\fire emblem (datos)\fireemblem\fireemblem\debug\fireemblem.vcxproj.generateresource.cache
c:\users\usuario\documents\fire emblem (datos)\fireemblem\fireemblem\debug\fireemblem.vcxprojresolveassemblyreference.cache
c:\users\usuario\documents\fire emblem (datos)\fireemblem\fireemblem\debug\fireemblem.tlog\cl.command.1.tlog
c:\users\usuario\documents\fire emblem (datos)\fireemblem\fireemblem\debug\fireemblem.tlog\cl.read.1.tlog
c:\users\usuario\documents\fire emblem (datos)\fireemblem\fireemblem\debug\fireemblem.tlog\cl.write.1.tlog
c:\users\usuario\documents\fire emblem (datos)\fireemblem\fireemblem\debug\fireemblem.tlog\fireemblem.write.1u.tlog
c:\users\usuario\documents\fire emblem (datos)\fireemblem\fireemblem\debug\fireemblem.tlog\link.command.1.tlog
c:\users\usuario\documents\fire emblem (datos)\fireemblem\fireemblem\debug\fireemblem.tlog\link.read.1.tlog
c:\users\usuario\documents\fire emblem (datos)\fireemblem\fireemblem\debug\fireemblem.tlog\link.write.1.tlog
c:\users\usuario\documents\fire emblem (datos)\fireemblem\fireemblem\debug\fireemblem.tlog\metagen.read.1.tlog
c:\users\usuario\documents\fire emblem (datos)\fireemblem\fireemblem\debug\fireemblem.tlog\metagen.write.1.tlog
c:\users\usuario\documents\fire emblem (datos)\fireemblem\fireemblem\debug\fireemblem.tlog\tzres.dll.bi
